1313941211 -1 -1
1313941211 3052 3110 3052 3110
1313941091 3052 3110 3052 3110
1313940900 3052 3110 3052 3110
1313940600 3052 3110 3052 3110
1313940300 3052 3110 3052 3110
1313940000 3052 3110 3052 3110
1313939700 3052 3110 3052 3110
1313939400 3052 3110 3052 3110
1313939100 3052 3110 3052 3110
1313938800 3052 3110 3052 3110
1313938500 3052 3110 3052 3110
1313938200 3052 3110 3052 3110
1313937900 3052 3110 3052 3110
1313937600 3052 3110 3052 3110
1313937300 3052 3110 3052 3110
1313937000 3052 3110 3052 3110
1313936700 3052 3110 3052 3110
1313936400 3052 3110 3052 3110
1313936100 3052 3110 3052 3110
1313935800 3052 3110 3052 3110
1313935500 3052 3110 3052 3110
1313935200 3052 3110 3052 3110
1313934900 3052 3110 3052 3110
1313934600 3052 3110 3052 3110
1313934300 3052 3110 3052 3110
1313934000 3052 3110 3052 3110
1313933700 3052 3110 3052 3110
1313933400 3052 3110 3052 3110
1313933100 5061 5142 5998 6091
1313932800 3750 3809 5015 5095
1313932500 4966 5032 5967 6040
1313932200 4396 4470 5948 6040
1313931900 4013 4074 5948 6040
1313931600 5136 5214 5940 6033
1313931300 3924 3988 5949 6042
1313931000 4680 4751 5949 6042
1313930700 4849 4927 5998 6092
1313930400 3846 3906 4586 4662
1313930100 5090 5167 5948 6040
1313929800 4145 4213 5948 6040
1313929500 4288 4353 5948 6040
1313929200 5025 5107 6000 6095
1313928900 3867 3930 6047 6143
1313928600 4871 4943 6047 6143
1313928300 4706 4783 5998 6094
1313928000 3960 4017 4690 4760
1313927700 5118 5194 5916 6010
1313927400 4175 4242 6148 6247
1313927100 4215 4282 6148 6247
1313926800 5118 5198 5948 6041
1313926500 3918 3980 5941 5999
1313926200 4800 4852 5941 5999
1313925900 4816 4893 5940 6033
1313925600 3800 3859 4856 4935
1313925300 4984 5058 6051 6146
1313925000 4440 4517 5898 5991
1313924700 3931 3992 5898 5991
1313924400 5229 5310 6073 6169
1313924100 4052 4120 5948 6041
1313923800 4420 4487 5948 6041
1313923500 5072 5155 5898 5991
1313923200 3744 3803 5203 5287
1313922900 4940 5014 5899 5991
1313922600 4581 4660 5948 6046
1313922300 3828 3888 5948 6046
1313922000 5246 5326 5949 6042
1313921700 4019 4085 5947 6041
1313921400 4484 4552 5947 6041
1313921100 5007 5088 5895 5988
1313920800 3764 3823 5015 5096
1313920500 4944 5018 5939 6033
1313920200 4413 4487 5953 6047
1313919900 3972 4033 5953 6047
1313919600 5145 5226 5949 6043
1313919300 4033 4103 13988 14189
1313919000 4581 4652 6098 6198
1313918700 5000 5082 5992 6087
1313918400 3780 3840 4858 4937
1313918100 5028 5104 5996 6090
1313917800 4285 4356 5997 6091
1313917500 4110 4173 5997 6091
1313917200 5116 5197 5941 6035
1313916900 3852 3915 5947 6041
1313916600 4816 4890 5947 6041
1313916300 4717 4793 5997 6091
1313916000 3914 3974 4708 4777
1313915700 5152 5232 5897 5990
1313915400 4021 4087 5884 5977
1313915100 4306 4370 5884 5977
1313914800 5006 5086 5948 6041
1313914500 3763 3822 5410 5480
1313914200 3659 3713 18704 19083
1313913900 0 0 0 0
1313913600 0 0 0 0
1313913300 0 0 0 0
1313913000 0 0 0 0
1313912700 0 0 0 0
1313912400 0 0 0 0
1313912100 0 0 0 0
1313911800 0 0 0 0
1313911500 0 0 0 0
1313911200 0 0 0 0
1313910900 0 0 0 0
1313910600 0 0 0 0
1313910300 0 0 0 0
1313910000 0 0 0 0
1313909700 0 0 0 0
1313909400 0 0 0 0
1313909100 0 0 0 0
1313908800 0 0 0 0
1313908500 0 0 0 0
1313908200 0 0 0 0
1313907900 0 0 0 0
1313907600 0 0 0 0
1313907300 0 0 0 0
1313907000 0 0 0 0
1313906700 0 0 0 0
1313906400 0 0 0 0
1313906100 0 0 0 0
1313905800 0 0 0 0
1313905500 0 0 0 0
1313905200 0 0 0 0
1313904900 0 0 0 0
1313904600 0 0 0 0
1313904300 0 0 0 0
1313904000 0 0 0 0
1313903700 0 0 0 0
1313903400 0 0 0 0
1313903100 0 0 0 0
1313902800 0 0 0 0
1313902500 0 0 0 0
1313902200 0 0 0 0
1313901900 0 0 0 0
1313901600 0 0 0 0
1313901300 0 0 0 0
1313901000 0 0 0 0
1313900700 0 0 0 0
1313900400 0 0 0 0
1313900100 0 0 0 0
1313899800 0 0 0 0
1313899500 0 0 0 0
1313899200 0 0 0 0
1313898900 0 0 0 0
1313898600 0 0 0 0
1313898300 0 0 0 0
1313898000 0 0 0 0
1313897700 0 0 0 0
1313897400 0 0 0 0
1313897100 0 0 0 0
1313896800 0 0 0 0
1313896500 0 0 0 0
1313896200 0 0 0 0
1313895900 0 0 0 0
1313895600 0 0 0 0
1313895300 0 0 0 0
1313895000 0 0 0 0
1313894700 0 0 0 0
1313894400 0 0 0 0
1313894100 0 0 0 0
1313893800 0 0 0 0
1313893500 0 0 0 0
1313893200 0 0 0 0
1313892900 0 0 0 0
1313892600 0 0 0 0
1313892300 0 0 0 0
1313892000 0 0 0 0
1313891700 0 0 0 0
1313891400 0 0 0 0
1313891100 0 0 0 0
1313890800 0 0 0 0
1313890500 0 0 0 0
1313890200 0 0 0 0
1313889900 0 0 0 0
1313889600 0 0 0 0
1313889300 0 0 0 0
1313889000 0 0 0 0
1313888700 0 0 0 0
1313888400 0 0 0 0
1313888100 0 0 0 0
1313887800 0 0 0 0
1313887500 0 0 0 0
1313887200 0 0 0 0
1313886900 0 0 0 0
1313886600 0 0 0 0
1313886300 0 0 0 0
1313886000 0 0 0 0
1313885700 0 0 0 0
1313885400 0 0 0 0
1313885100 0 0 0 0
1313884800 0 0 0 0
1313884500 0 0 0 0
1313884200 0 0 0 0
1313883900 0 0 0 0
1313883600 0 0 0 0
1313883300 0 0 0 0
1313883000 0 0 0 0
1313882700 0 0 0 0
1313882400 0 0 0 0
1313882100 0 0 0 0
1313881800 0 0 0 0
1313881500 0 0 0 0
1313881200 0 0 0 0
1313880900 0 0 0 0
1313880600 0 0 0 0
1313880300 0 0 0 0
1313880000 0 0 0 0
1313879700 0 0 0 0
1313879400 0 0 0 0
1313879100 0 0 0 0
1313878800 0 0 0 0
1313878500 0 0 0 0
1313878200 0 0 0 0
1313877900 0 0 0 0
1313877600 0 0 0 0
1313877300 0 0 0 0
1313877000 0 0 0 0
1313876700 0 0 0 0
1313876400 0 0 0 0
1313876100 0 0 0 0
1313875800 0 0 0 0
1313875500 0 0 0 0
1313875200 0 0 0 0
1313874900 0 0 0 0
1313874600 0 0 0 0
1313874300 0 0 0 0
1313874000 0 0 0 0
1313873700 0 0 0 0
1313873400 0 0 0 0
1313873100 0 0 0 0
1313872800 0 0 0 0
1313872500 0 0 0 0
1313872200 0 0 0 0
1313871900 0 0 0 0
1313871600 0 0 0 0
1313871300 0 0 0 0
1313871000 0 0 0 0
1313870700 0 0 0 0
1313870400 0 0 0 0
1313870100 0 0 0 0
1313869800 0 0 0 0
1313869500 0 0 0 0
1313869200 0 0 0 0
1313868900 0 0 0 0
1313868600 0 0 0 0
1313868300 0 0 0 0
1313868000 0 0 0 0
1313867700 0 0 0 0
1313867400 0 0 0 0
1313867100 0 0 0 0
1313866800 0 0 0 0
1313866500 0 0 0 0
1313866200 0 0 0 0
1313865900 0 0 0 0
1313865600 0 0 0 0
1313865300 0 0 0 0
1313865000 0 0 0 0
1313864700 0 0 0 0
1313864400 0 0 0 0
1313864100 0 0 0 0
1313863800 0 0 0 0
1313863500 0 0 0 0
1313863200 0 0 0 0
1313862900 0 0 0 0
1313862600 0 0 0 0
1313862300 0 0 0 0
1313862000 0 0 0 0
1313861700 0 0 0 0
1313861400 0 0 0 0
1313861100 0 0 0 0
1313860800 0 0 0 0
1313860500 0 0 0 0
1313860200 0 0 0 0
1313859900 0 0 0 0
1313859600 0 0 0 0
1313859300 0 0 0 0
1313859000 0 0 0 0
1313858700 0 0 0 0
1313858400 0 0 0 0
1313858100 0 0 0 0
1313857800 0 0 0 0
1313857500 0 0 0 0
1313857200 0 0 0 0
1313856900 0 0 0 0
1313856600 0 0 0 0
1313856300 0 0 0 0
1313856000 0 0 0 0
1313855700 0 0 0 0
1313855400 0 0 0 0
1313855100 0 0 0 0
1313854800 0 0 0 0
1313854500 0 0 0 0
1313854200 0 0 0 0
1313853900 0 0 0 0
1313853600 0 0 0 0
1313853300 0 0 0 0
1313853000 0 0 0 0
1313852700 0 0 0 0
1313852400 0 0 0 0
1313852100 0 0 0 0
1313851800 0 0 0 0
1313851500 0 0 0 0
1313851200 0 0 0 0
1313850900 0 0 0 0
1313850600 0 0 0 0
1313850300 0 0 0 0
1313850000 0 0 0 0
1313849700 0 0 0 0
1313849400 0 0 0 0
1313849100 0 0 0 0
1313848800 0 0 0 0
1313848500 0 0 0 0
1313848200 0 0 0 0
1313847900 0 0 0 0
1313847600 0 0 0 0
1313847300 0 0 0 0
1313847000 0 0 0 0
1313846700 0 0 0 0
1313846400 0 0 0 0
1313846100 0 0 0 0
1313845800 0 0 0 0
1313845500 0 0 0 0
1313845200 0 0 0 0
1313844900 0 0 0 0
1313844600 0 0 0 0
1313844300 0 0 0 0
1313844000 0 0 0 0
1313843700 0 0 0 0
1313843400 0 0 0 0
1313843100 0 0 0 0
1313842800 0 0 0 0
1313842500 0 0 0 0
1313842200 0 0 0 0
1313841900 0 0 0 0
1313841600 0 0 0 0
1313841300 0 0 0 0
1313841000 0 0 0 0
1313840700 0 0 0 0
1313840400 0 0 0 0
1313840100 0 0 0 0
1313839800 0 0 0 0
1313839500 0 0 0 0
1313839200 0 0 0 0
1313838900 0 0 0 0
1313838600 0 0 0 0
1313838300 0 0 0 0
1313838000 0 0 0 0
1313837700 0 0 0 0
1313837400 0 0 0 0
1313837100 0 0 0 0
1313836800 0 0 0 0
1313836500 0 0 0 0
1313836200 0 0 0 0
1313835900 0 0 0 0
1313835600 0 0 0 0
1313835300 0 0 0 0
1313835000 0 0 0 0
1313834700 0 0 0 0
1313834400 0 0 0 0
1313834100 0 0 0 0
1313833800 0 0 0 0
1313833500 0 0 0 0
1313833200 0 0 0 0
1313832900 0 0 0 0
1313832600 0 0 0 0
1313832300 0 0 0 0
1313832000 0 0 0 0
1313831700 0 0 0 0
1313831400 0 0 0 0
1313831100 0 0 0 0
1313830800 0 0 0 0
1313830500 0 0 0 0
1313830200 0 0 0 0
1313829900 0 0 0 0
1313829600 0 0 0 0
1313829300 0 0 0 0
1313829000 0 0 0 0
1313828700 0 0 0 0
1313828400 0 0 0 0
1313828100 0 0 0 0
1313827800 0 0 0 0
1313827500 0 0 0 0
1313827200 0 0 0 0
1313826900 0 0 0 0
1313826600 0 0 0 0
1313826300 0 0 0 0
1313826000 0 0 0 0
1313825700 0 0 0 0
1313825400 0 0 0 0
1313825100 0 0 0 0
1313824800 0 0 0 0
1313824500 0 0 0 0
1313824200 0 0 0 0
1313823900 0 0 0 0
1313823600 0 0 0 0
1313823300 0 0 0 0
1313823000 0 0 0 0
1313822700 0 0 0 0
1313822400 0 0 0 0
1313822100 0 0 0 0
1313821800 0 0 0 0
1313821500 0 0 0 0
1313821200 0 0 0 0
1313820900 0 0 0 0
1313820600 0 0 0 0
1313820300 0 0 0 0
1313820000 0 0 0 0
1313819700 0 0 0 0
1313819400 0 0 0 0
1313819100 0 0 0 0
1313818800 0 0 0 0
1313818500 0 0 0 0
1313818200 0 0 0 0
1313817900 0 0 0 0
1313817600 0 0 0 0
1313817300 0 0 0 0
1313817000 0 0 0 0
1313816700 0 0 0 0
1313816400 0 0 0 0
1313816100 0 0 0 0
1313815800 0 0 0 0
1313815500 0 0 0 0
1313815200 0 0 0 0
1313814900 0 0 0 0
1313814600 0 0 0 0
1313814300 0 0 0 0
1313814000 0 0 0 0
1313813700 0 0 0 0
1313813400 0 0 0 0
1313813100 0 0 0 0
1313812800 0 0 0 0
1313812500 0 0 0 0
1313812200 0 0 0 0
1313811900 0 0 0 0
1313811600 0 0 0 0
1313811300 0 0 0 0
1313811000 0 0 0 0
1313810700 0 0 0 0
1313810400 0 0 0 0
1313810100 0 0 0 0
1313809800 0 0 0 0
1313809500 0 0 0 0
1313809200 0 0 0 0
1313808900 0 0 0 0
1313808600 0 0 0 0
1313808300 0 0 0 0
1313808000 0 0 0 0
1313807700 0 0 0 0
1313807400 0 0 0 0
1313807100 0 0 0 0
1313806800 0 0 0 0
1313806500 0 0 0 0
1313806200 0 0 0 0
1313805900 0 0 0 0
1313805600 0 0 0 0
1313805300 0 0 0 0
1313805000 0 0 0 0
1313804700 0 0 0 0
1313804400 0 0 0 0
1313804100 0 0 0 0
1313803800 0 0 0 0
1313803500 0 0 0 0
1313803200 0 0 0 0
1313802900 0 0 0 0
1313802600 0 0 0 0
1313802300 0 0 0 0
1313802000 0 0 0 0
1313801700 0 0 0 0
1313801400 0 0 0 0
1313801100 0 0 0 0
1313800800 0 0 0 0
1313800500 0 0 0 0
1313800200 0 0 0 0
1313799900 0 0 0 0
1313799600 0 0 0 0
1313799300 0 0 0 0
1313799000 0 0 0 0
1313798700 0 0 0 0
1313798400 0 0 0 0
1313798100 0 0 0 0
1313797800 0 0 0 0
1313797500 0 0 0 0
1313797200 0 0 0 0
1313796900 0 0 0 0
1313796600 0 0 0 0
1313796300 0 0 0 0
1313796000 0 0 0 0
1313795700 0 0 0 0
1313795400 0 0 0 0
1313795100 0 0 0 0
1313794800 0 0 0 0
1313794500 0 0 0 0
1313794200 0 0 0 0
1313793900 0 0 0 0
1313793600 0 0 0 0
1313793300 0 0 0 0
1313793000 0 0 0 0
1313792700 0 0 0 0
1313792400 0 0 0 0
1313792100 0 0 0 0
1313791800 0 0 0 0
1313791500 0 0 0 0
1313791200 0 0 0 0
1313790900 0 0 0 0
1313790600 0 0 0 0
1313790300 0 0 0 0
1313790000 0 0 0 0
1313789700 0 0 0 0
1313789400 0 0 0 0
1313789100 0 0 0 0
1313788800 0 0 0 0
1313788500 0 0 0 0
1313788200 0 0 0 0
1313787900 0 0 0 0
1313787600 0 0 0 0
1313787300 0 0 0 0
1313787000 0 0 0 0
1313786700 0 0 0 0
1313786400 0 0 0 0
1313786100 0 0 0 0
1313785800 0 0 0 0
1313785500 0 0 0 0
1313785200 0 0 0 0
1313784900 0 0 0 0
1313784600 0 0 0 0
1313784300 0 0 0 0
1313784000 0 0 0 0
1313783700 0 0 0 0
1313783400 0 0 0 0
1313783100 0 0 0 0
1313782800 0 0 0 0
1313782500 0 0 0 0
1313782200 0 0 0 0
1313781900 0 0 0 0
1313781600 0 0 0 0
1313781300 0 0 0 0
1313781000 0 0 0 0
1313780700 0 0 0 0
1313780400 0 0 0 0
1313780100 0 0 0 0
1313779800 0 0 0 0
1313779500 0 0 0 0
1313779200 0 0 0 0
1313778900 0 0 0 0
1313778600 0 0 0 0
1313778300 0 0 0 0
1313778000 0 0 0 0
1313777700 0 0 0 0
1313777400 0 0 0 0
1313777100 0 0 0 0
1313776800 0 0 0 0
1313776500 0 0 0 0
1313776200 0 0 0 0
1313775900 0 0 0 0
1313775600 0 0 0 0
1313775300 0 0 0 0
1313775000 0 0 0 0
1313774700 0 0 0 0
1313774400 0 0 0 0
1313774100 0 0 0 0
1313773800 0 0 0 0
1313773500 0 0 0 0
1313773200 0 0 0 0
1313772900 0 0 0 0
1313772600 0 0 0 0
1313772300 0 0 0 0
1313772000 0 0 0 0
1313771700 0 0 0 0
1313771400 0 0 0 0
1313771100 0 0 0 0
1313770800 0 0 0 0
1313770500 0 0 0 0
1313770200 0 0 0 0
1313769900 0 0 0 0
1313769600 0 0 0 0
1313769300 0 0 0 0
1313769000 0 0 0 0
1313768700 0 0 0 0
1313768400 0 0 0 0
1313768100 0 0 0 0
1313767800 0 0 0 0
1313767500 0 0 0 0
1313767200 0 0 0 0
1313766900 0 0 0 0
1313766600 0 0 0 0
1313766300 0 0 0 0
1313766000 0 0 0 0
1313765700 0 0 0 0
1313765400 0 0 0 0
1313765100 0 0 0 0
1313764800 0 0 0 0
1313764500 0 0 0 0
1313764200 0 0 0 0
1313763900 0 0 0 0
1313763600 0 0 0 0
1313763300 0 0 0 0
1313763000 0 0 0 0
1313762700 0 0 0 0
1313762400 0 0 0 0
1313762100 0 0 0 0
1313761800 0 0 0 0
1313761500 0 0 0 0
1313761200 0 0 0 0
1313760600 0 0 0 0
1313758800 0 0 0 0
1313757000 0 0 0 0
1313755200 0 0 0 0
1313753400 0 0 0 0
1313751600 0 0 0 0
1313749800 0 0 0 0
1313748000 0 0 0 0
1313746200 0 0 0 0
1313744400 0 0 0 0
1313742600 0 0 0 0
1313740800 0 0 0 0
1313739000 0 0 0 0
1313737200 0 0 0 0
1313735400 0 0 0 0
1313733600 0 0 0 0
1313731800 0 0 0 0
1313730000 0 0 0 0
1313728200 0 0 0 0
1313726400 0 0 0 0
1313724600 0 0 0 0
1313722800 0 0 0 0
1313721000 0 0 0 0
1313719200 0 0 0 0
1313717400 0 0 0 0
1313715600 0 0 0 0
1313713800 0 0 0 0
1313712000 0 0 0 0
1313710200 0 0 0 0
1313708400 0 0 0 0
1313706600 0 0 0 0
1313704800 0 0 0 0
1313703000 0 0 0 0
1313701200 0 0 0 0
1313699400 0 0 0 0
1313697600 0 0 0 0
1313695800 0 0 0 0
1313694000 0 0 0 0
1313692200 0 0 0 0
1313690400 0 0 0 0
1313688600 0 0 0 0
1313686800 0 0 0 0
1313685000 0 0 0 0
1313683200 0 0 0 0
1313681400 0 0 0 0
1313679600 0 0 0 0
1313677800 0 0 0 0
1313676000 0 0 0 0
1313674200 0 0 0 0
1313672400 0 0 0 0
1313670600 0 0 0 0
1313668800 0 0 0 0
1313667000 0 0 0 0
1313665200 0 0 0 0
1313663400 0 0 0 0
1313661600 0 0 0 0
1313659800 0 0 0 0
1313658000 0 0 0 0
1313656200 0 0 0 0
1313654400 0 0 0 0
1313652600 0 0 0 0
1313650800 0 0 0 0
1313649000 0 0 0 0
1313647200 0 0 0 0
1313645400 0 0 0 0
1313643600 0 0 0 0
1313641800 0 0 0 0
1313640000 0 0 0 0
1313638200 0 0 0 0
1313636400 0 0 0 0
1313634600 0 0 0 0
1313632800 0 0 0 0
1313631000 0 0 0 0
1313629200 0 0 0 0
1313627400 0 0 0 0
1313625600 0 0 0 0
1313623800 0 0 0 0
1313622000 0 0 0 0
1313620200 0 0 0 0
1313618400 0 0 0 0
1313616600 0 0 0 0
1313614800 0 0 0 0
1313613000 0 0 0 0
1313611200 0 0 0 0
1313609400 0 0 0 0
1313607600 0 0 0 0
1313605800 0 0 0 0
1313604000 0 0 0 0
1313602200 0 0 0 0
1313600400 0 0 0 0
1313598600 0 0 0 0
1313596800 0 0 0 0
1313595000 0 0 0 0
1313593200 0 0 0 0
1313591400 0 0 0 0
1313589600 0 0 0 0
1313587800 0 0 0 0
1313586000 0 0 0 0
1313584200 0 0 0 0
1313582400 0 0 0 0
1313580600 0 0 0 0
1313578800 0 0 0 0
1313577000 0 0 0 0
1313575200 0 0 0 0
1313573400 0 0 0 0
1313571600 0 0 0 0
1313569800 0 0 0 0
1313568000 0 0 0 0
1313566200 0 0 0 0
1313564400 0 0 0 0
1313562600 0 0 0 0
1313560800 0 0 0 0
1313559000 0 0 0 0
1313557200 0 0 0 0
1313555400 0 0 0 0
1313553600 0 0 0 0
1313551800 0 0 0 0
1313550000 0 0 0 0
1313548200 0 0 0 0
1313546400 0 0 0 0
1313544600 0 0 0 0
1313542800 0 0 0 0
1313541000 0 0 0 0
1313539200 0 0 0 0
1313537400 0 0 0 0
1313535600 0 0 0 0
1313533800 0 0 0 0
1313532000 0 0 0 0
1313530200 0 0 0 0
1313528400 0 0 0 0
1313526600 0 0 0 0
1313524800 0 0 0 0
1313523000 0 0 0 0
1313521200 0 0 0 0
1313519400 0 0 0 0
1313517600 0 0 0 0
1313515800 0 0 0 0
1313514000 0 0 0 0
1313512200 0 0 0 0
1313510400 0 0 0 0
1313508600 0 0 0 0
1313506800 0 0 0 0
1313505000 0 0 0 0
1313503200 0 0 0 0
1313501400 0 0 0 0
1313499600 0 0 0 0
1313497800 0 0 0 0
1313496000 0 0 0 0
1313494200 0 0 0 0
1313492400 0 0 0 0
1313490600 0 0 0 0
1313488800 0 0 0 0
1313487000 0 0 0 0
1313485200 0 0 0 0
1313483400 0 0 0 0
1313481600 0 0 0 0
1313479800 0 0 0 0
1313478000 0 0 0 0
1313476200 0 0 0 0
1313474400 0 0 0 0
1313472600 0 0 0 0
1313470800 0 0 0 0
1313469000 0 0 0 0
1313467200 0 0 0 0
1313465400 0 0 0 0
1313463600 0 0 0 0
1313461800 0 0 0 0
1313460000 0 0 0 0
1313458200 0 0 0 0
1313456400 0 0 0 0
1313454600 0 0 0 0
1313452800 0 0 0 0
1313451000 0 0 0 0
1313449200 0 0 0 0
1313447400 0 0 0 0
1313445600 0 0 0 0
1313443800 0 0 0 0
1313442000 0 0 0 0
1313440200 0 0 0 0
1313438400 0 0 0 0
1313436600 0 0 0 0
1313434800 0 0 0 0
1313433000 0 0 0 0
1313431200 0 0 0 0
1313429400 0 0 0 0
1313427600 0 0 0 0
1313425800 0 0 0 0
1313424000 0 0 0 0
1313422200 0 0 0 0
1313420400 0 0 0 0
1313418600 0 0 0 0
1313416800 0 0 0 0
1313415000 0 0 0 0
1313413200 0 0 0 0
1313411400 0 0 0 0
1313409600 0 0 0 0
1313407800 0 0 0 0
1313406000 0 0 0 0
1313404200 0 0 0 0
1313402400 0 0 0 0
1313400600 0 0 0 0
1313398800 0 0 0 0
1313397000 0 0 0 0
1313395200 0 0 0 0
1313393400 0 0 0 0
1313391600 0 0 0 0
1313389800 0 0 0 0
1313388000 0 0 0 0
1313386200 0 0 0 0
1313384400 0 0 0 0
1313382600 0 0 0 0
1313380800 0 0 0 0
1313379000 0 0 0 0
1313377200 0 0 0 0
1313375400 0 0 0 0
1313373600 0 0 0 0
1313371800 0 0 0 0
1313370000 0 0 0 0
1313368200 0 0 0 0
1313366400 0 0 0 0
1313364600 0 0 0 0
1313362800 0 0 0 0
1313361000 0 0 0 0
1313359200 0 0 0 0
1313357400 0 0 0 0
1313355600 0 0 0 0
1313353800 0 0 0 0
1313352000 0 0 0 0
1313350200 0 0 0 0
1313348400 0 0 0 0
1313346600 0 0 0 0
1313344800 0 0 0 0
1313343000 0 0 0 0
1313341200 0 0 0 0
1313339400 0 0 0 0
1313337600 0 0 0 0
1313335800 0 0 0 0
1313334000 0 0 0 0
1313332200 0 0 0 0
1313330400 0 0 0 0
1313328600 0 0 0 0
1313326800 0 0 0 0
1313325000 0 0 0 0
1313323200 0 0 0 0
1313321400 0 0 0 0
1313319600 0 0 0 0
1313317800 0 0 0 0
1313316000 0 0 0 0
1313314200 0 0 0 0
1313312400 0 0 0 0
1313310600 0 0 0 0
1313308800 0 0 0 0
1313307000 0 0 0 0
1313305200 0 0 0 0
1313303400 0 0 0 0
1313301600 0 0 0 0
1313299800 0 0 0 0
1313298000 0 0 0 0
1313296200 0 0 0 0
1313294400 0 0 0 0
1313292600 0 0 0 0
1313290800 0 0 0 0
1313289000 0 0 0 0
1313287200 0 0 0 0
1313285400 0 0 0 0
1313283600 0 0 0 0
1313281800 0 0 0 0
1313280000 0 0 0 0
1313278200 0 0 0 0
1313276400 0 0 0 0
1313274600 0 0 0 0
1313272800 0 0 0 0
1313271000 0 0 0 0
1313269200 0 0 0 0
1313267400 0 0 0 0
1313265600 0 0 0 0
1313263800 0 0 0 0
1313262000 0 0 0 0
1313260200 0 0 0 0
1313258400 0 0 0 0
1313256600 0 0 0 0
1313254800 0 0 0 0
1313253000 0 0 0 0
1313251200 0 0 0 0
1313249400 0 0 0 0
1313247600 0 0 0 0
1313245800 0 0 0 0
1313244000 0 0 0 0
1313242200 0 0 0 0
1313240400 0 0 0 0
1313238600 0 0 0 0
1313236800 0 0 0 0
1313235000 0 0 0 0
1313233200 0 0 0 0
1313231400 0 0 0 0
1313229600 0 0 0 0
1313227800 0 0 0 0
1313226000 0 0 0 0
1313224200 0 0 0 0
1313222400 0 0 0 0
1313220600 0 0 0 0
1313218800 0 0 0 0
1313217000 0 0 0 0
1313215200 0 0 0 0
1313213400 0 0 0 0
1313211600 0 0 0 0
1313209800 0 0 0 0
1313208000 0 0 0 0
1313206200 0 0 0 0
1313204400 0 0 0 0
1313202600 0 0 0 0
1313200800 0 0 0 0
1313199000 0 0 0 0
1313197200 0 0 0 0
1313195400 0 0 0 0
1313193600 0 0 0 0
1313191800 0 0 0 0
1313190000 0 0 0 0
1313188200 0 0 0 0
1313186400 0 0 0 0
1313184600 0 0 0 0
1313182800 0 0 0 0
1313181000 0 0 0 0
1313179200 0 0 0 0
1313177400 0 0 0 0
1313175600 0 0 0 0
1313173800 0 0 0 0
1313172000 0 0 0 0
1313170200 0 0 0 0
1313168400 0 0 0 0
1313166600 0 0 0 0
1313164800 0 0 0 0
1313163000 0 0 0 0
1313161200 0 0 0 0
1313159400 0 0 0 0
1313157600 0 0 0 0
1313155800 0 0 0 0
1313154000 0 0 0 0
1313152200 0 0 0 0
1313150400 0 0 0 0
1313148600 0 0 0 0
1313146800 0 0 0 0
1313145000 0 0 0 0
1313143200 0 0 0 0
1313141400 0 0 0 0
1313139600 0 0 0 0
1313137800 0 0 0 0
1313136000 0 0 0 0
1313134200 0 0 0 0
1313132400 0 0 0 0
1313130600 0 0 0 0
1313128800 0 0 0 0
1313127000 0 0 0 0
1313125200 0 0 0 0
1313123400 0 0 0 0
1313121600 0 0 0 0
1313119800 0 0 0 0
1313118000 0 0 0 0
1313116200 0 0 0 0
1313114400 0 0 0 0
1313112600 0 0 0 0
1313110800 0 0 0 0
1313109000 0 0 0 0
1313107200 0 0 0 0
1313105400 0 0 0 0
1313103600 0 0 0 0
1313101800 0 0 0 0
1313100000 0 0 0 0
1313098200 0 0 0 0
1313096400 0 0 0 0
1313094600 0 0 0 0
1313092800 0 0 0 0
1313091000 0 0 0 0
1313089200 0 0 0 0
1313087400 0 0 0 0
1313085600 0 0 0 0
1313083800 0 0 0 0
1313082000 0 0 0 0
1313080200 0 0 0 0
1313078400 0 0 0 0
1313076600 0 0 0 0
1313074800 0 0 0 0
1313073000 0 0 0 0
1313071200 0 0 0 0
1313069400 0 0 0 0
1313067600 0 0 0 0
1313065800 0 0 0 0
1313064000 0 0 0 0
1313062200 0 0 0 0
1313060400 0 0 0 0
1313058600 0 0 0 0
1313056800 0 0 0 0
1313055000 0 0 0 0
1313053200 0 0 0 0
1313051400 0 0 0 0
1313049600 0 0 0 0
1313047800 0 0 0 0
1313046000 0 0 0 0
1313044200 0 0 0 0
1313042400 0 0 0 0
1313040600 0 0 0 0
1313038800 0 0 0 0
1313037000 0 0 0 0
1313035200 0 0 0 0
1313033400 0 0 0 0
1313031600 0 0 0 0
1313029800 0 0 0 0
1313028000 0 0 0 0
1313026200 0 0 0 0
1313024400 0 0 0 0
1313022600 0 0 0 0
1313020800 0 0 0 0
1313019000 0 0 0 0
1313017200 0 0 0 0
1313015400 0 0 0 0
1313013600 0 0 0 0
1313011800 0 0 0 0
1313010000 0 0 0 0
1313008200 0 0 0 0
1313006400 0 0 0 0
1313004600 0 0 0 0
1313002800 0 0 0 0
1313001000 0 0 0 0
1312999200 0 0 0 0
1312997400 0 0 0 0
1312995600 0 0 0 0
1312993800 0 0 0 0
1312992000 0 0 0 0
1312990200 0 0 0 0
1312988400 0 0 0 0
1312986600 0 0 0 0
1312984800 0 0 0 0
1312983000 0 0 0 0
1312981200 0 0 0 0
1312979400 0 0 0 0
1312977600 0 0 0 0
1312975800 0 0 0 0
1312974000 0 0 0 0
1312972200 0 0 0 0
1312970400 0 0 0 0
1312968600 0 0 0 0
1312966800 0 0 0 0
1312965000 0 0 0 0
1312963200 0 0 0 0
1312961400 0 0 0 0
1312959600 0 0 0 0
1312957800 0 0 0 0
1312956000 0 0 0 0
1312954200 0 0 0 0
1312952400 0 0 0 0
1312950600 0 0 0 0
1312948800 0 0 0 0
1312947000 0 0 0 0
1312945200 0 0 0 0
1312943400 0 0 0 0
1312941600 0 0 0 0
1312939800 0 0 0 0
1312938000 0 0 0 0
1312936200 0 0 0 0
1312934400 0 0 0 0
1312932600 0 0 0 0
1312930800 0 0 0 0
1312929000 0 0 0 0
1312927200 0 0 0 0
1312925400 0 0 0 0
1312923600 0 0 0 0
1312921800 0 0 0 0
1312920000 0 0 0 0
1312918200 0 0 0 0
1312916400 0 0 0 0
1312914600 0 0 0 0
1312912800 0 0 0 0
1312911000 0 0 0 0
1312909200 0 0 0 0
1312907400 0 0 0 0
1312905600 0 0 0 0
1312903800 0 0 0 0
1312902000 0 0 0 0
1312900200 0 0 0 0
1312898400 0 0 0 0
1312896600 0 0 0 0
1312894800 0 0 0 0
1312893000 0 0 0 0
1312891200 0 0 0 0
1312889400 0 0 0 0
1312887600 0 0 0 0
1312885800 0 0 0 0
1312884000 0 0 0 0
1312882200 0 0 0 0
1312880400 0 0 0 0
1312878600 0 0 0 0
1312876800 0 0 0 0
1312875000 0 0 0 0
1312873200 0 0 0 0
1312871400 0 0 0 0
1312869600 0 0 0 0
1312867800 0 0 0 0
1312866000 0 0 0 0
1312864200 0 0 0 0
1312862400 0 0 0 0
1312860600 0 0 0 0
1312858800 0 0 0 0
1312857000 0 0 0 0
1312855200 0 0 0 0
1312853400 0 0 0 0
1312851600 0 0 0 0
1312849800 0 0 0 0
1312848000 0 0 0 0
1312846200 0 0 0 0
1312844400 0 0 0 0
1312842600 0 0 0 0
1312840800 0 0 0 0
1312839000 0 0 0 0
1312837200 0 0 0 0
1312835400 0 0 0 0
1312833600 0 0 0 0
1312831800 0 0 0 0
1312830000 0 0 0 0
1312828200 0 0 0 0
1312826400 0 0 0 0
1312824600 0 0 0 0
1312822800 0 0 0 0
1312821000 0 0 0 0
1312819200 0 0 0 0
1312817400 0 0 0 0
1312815600 0 0 0 0
1312813800 0 0 0 0
1312812000 0 0 0 0
1312810200 0 0 0 0
1312808400 0 0 0 0
1312806600 0 0 0 0
1312804800 0 0 0 0
1312803000 0 0 0 0
1312801200 0 0 0 0
1312799400 0 0 0 0
1312797600 0 0 0 0
1312795800 0 0 0 0
1312794000 0 0 0 0
1312792200 0 0 0 0
1312790400 0 0 0 0
1312788600 0 0 0 0
1312786800 0 0 0 0
1312785000 0 0 0 0
1312783200 0 0 0 0
1312781400 0 0 0 0
1312779600 0 0 0 0
1312777800 0 0 0 0
1312776000 0 0 0 0
1312774200 0 0 0 0
1312772400 0 0 0 0
1312770600 0 0 0 0
1312768800 0 0 0 0
1312767000 0 0 0 0
1312765200 0 0 0 0
1312763400 0 0 0 0
1312761600 0 0 0 0
1312759800 0 0 0 0
1312758000 0 0 0 0
1312756200 0 0 0 0
1312754400 0 0 0 0
1312752600 0 0 0 0
1312750800 0 0 0 0
1312749000 0 0 0 0
1312747200 0 0 0 0
1312745400 0 0 0 0
1312743600 0 0 0 0
1312741800 0 0 0 0
1312740000 0 0 0 0
1312738200 0 0 0 0
1312736400 0 0 0 0
1312734600 0 0 0 0
1312732800 0 0 0 0
1312731000 0 0 0 0
1312729200 0 0 0 0
1312727400 0 0 0 0
1312725600 0 0 0 0
1312723800 0 0 0 0
1312722000 0 0 0 0
1312720200 0 0 0 0
1312718400 0 0 0 0
1312716600 0 0 0 0
1312714800 0 0 0 0
1312713000 0 0 0 0
1312711200 0 0 0 0
1312709400 0 0 0 0
1312707600 0 0 0 0
1312705800 0 0 0 0
1312704000 0 0 0 0
1312702200 0 0 0 0
1312700400 0 0 0 0
1312698600 0 0 0 0
1312696800 0 0 0 0
1312695000 0 0 0 0
1312693200 0 0 0 0
1312691400 0 0 0 0
1312689600 0 0 0 0
1312687800 0 0 0 0
1312686000 0 0 0 0
1312684200 0 0 0 0
1312682400 0 0 0 0
1312680600 0 0 0 0
1312675200 0 0 0 0
1312668000 0 0 0 0
1312660800 0 0 0 0
1312653600 0 0 0 0
1312646400 0 0 0 0
1312639200 0 0 0 0
1312632000 0 0 0 0
1312624800 0 0 0 0
1312617600 0 0 0 0
1312610400 0 0 0 0
1312603200 0 0 0 0
1312596000 0 0 0 0
1312588800 0 0 0 0
1312581600 0 0 0 0
1312574400 0 0 0 0
1312567200 0 0 0 0
1312560000 0 0 0 0
1312552800 0 0 0 0
1312545600 0 0 0 0
1312538400 0 0 0 0
1312531200 0 0 0 0
1312524000 0 0 0 0
1312516800 0 0 0 0
1312509600 0 0 0 0
1312502400 0 0 0 0
1312495200 0 0 0 0
1312488000 0 0 0 0
1312480800 0 0 0 0
1312473600 0 0 0 0
1312466400 0 0 0 0
1312459200 0 0 0 0
1312452000 0 0 0 0
1312444800 0 0 0 0
1312437600 0 0 0 0
1312430400 0 0 0 0
1312423200 0 0 0 0
1312416000 0 0 0 0
1312408800 0 0 0 0
1312401600 0 0 0 0
1312394400 0 0 0 0
1312387200 0 0 0 0
1312380000 0 0 0 0
1312372800 0 0 0 0
1312365600 0 0 0 0
1312358400 0 0 0 0
1312351200 0 0 0 0
1312344000 0 0 0 0
1312336800 0 0 0 0
1312329600 0 0 0 0
1312322400 0 0 0 0
1312315200 0 0 0 0
1312308000 0 0 0 0
1312300800 0 0 0 0
1312293600 0 0 0 0
1312286400 0 0 0 0
1312279200 0 0 0 0
1312272000 0 0 0 0
1312264800 0 0 0 0
1312257600 0 0 0 0
1312250400 0 0 0 0
1312243200 0 0 0 0
1312236000 0 0 0 0
1312228800 0 0 0 0
1312221600 0 0 0 0
1312214400 0 0 0 0
1312207200 0 0 0 0
1312200000 0 0 0 0
1312192800 0 0 0 0
1312185600 0 0 0 0
1312178400 0 0 0 0
1312171200 0 0 0 0
1312164000 0 0 0 0
1312156800 0 0 0 0
1312149600 0 0 0 0
1312142400 0 0 0 0
1312135200 0 0 0 0
1312128000 0 0 0 0
1312120800 0 0 0 0
1312113600 0 0 0 0
1312106400 0 0 0 0
1312099200 0 0 0 0
1312092000 0 0 0 0
1312084800 0 0 0 0
1312077600 0 0 0 0
1312070400 0 0 0 0
1312063200 0 0 0 0
1312056000 0 0 0 0
1312048800 0 0 0 0
1312041600 0 0 0 0
1312034400 0 0 0 0
1312027200 0 0 0 0
1312020000 0 0 0 0
1312012800 0 0 0 0
1312005600 0 0 0 0
1311998400 0 0 0 0
1311991200 0 0 0 0
1311984000 0 0 0 0
1311976800 0 0 0 0
1311969600 0 0 0 0
1311962400 0 0 0 0
1311955200 0 0 0 0
1311948000 0 0 0 0
1311940800 0 0 0 0
1311933600 0 0 0 0
1311926400 0 0 0 0
1311919200 0 0 0 0
1311912000 0 0 0 0
1311904800 0 0 0 0
1311897600 0 0 0 0
1311890400 0 0 0 0
1311883200 0 0 0 0
1311876000 0 0 0 0
1311868800 0 0 0 0
1311861600 0 0 0 0
1311854400 0 0 0 0
1311847200 0 0 0 0
1311840000 0 0 0 0
1311832800 0 0 0 0
1311825600 0 0 0 0
1311818400 0 0 0 0
1311811200 0 0 0 0
1311804000 0 0 0 0
1311796800 0 0 0 0
1311789600 0 0 0 0
1311782400 0 0 0 0
1311775200 0 0 0 0
1311768000 0 0 0 0
1311760800 0 0 0 0
1311753600 0 0 0 0
1311746400 0 0 0 0
1311739200 0 0 0 0
1311732000 0 0 0 0
1311724800 0 0 0 0
1311717600 0 0 0 0
1311710400 0 0 0 0
1311703200 0 0 0 0
1311696000 0 0 0 0
1311688800 0 0 0 0
1311681600 0 0 0 0
1311674400 0 0 0 0
1311667200 0 0 0 0
1311660000 0 0 0 0
1311652800 0 0 0 0
1311645600 0 0 0 0
1311638400 0 0 0 0
1311631200 0 0 0 0
1311624000 0 0 0 0
1311616800 0 0 0 0
1311609600 0 0 0 0
1311602400 0 0 0 0
1311595200 0 0 0 0
1311588000 0 0 0 0
1311580800 0 0 0 0
1311573600 0 0 0 0
1311566400 0 0 0 0
1311559200 0 0 0 0
1311552000 0 0 0 0
1311544800 0 0 0 0
1311537600 0 0 0 0
1311530400 0 0 0 0
1311523200 0 0 0 0
1311516000 0 0 0 0
1311508800 0 0 0 0
1311501600 0 0 0 0
1311494400 0 0 0 0
1311487200 0 0 0 0
1311480000 0 0 0 0
1311472800 0 0 0 0
1311465600 0 0 0 0
1311458400 0 0 0 0
1311451200 0 0 0 0
1311444000 0 0 0 0
1311436800 0 0 0 0
1311429600 0 0 0 0
1311422400 0 0 0 0
1311415200 0 0 0 0
1311408000 0 0 0 0
1311400800 0 0 0 0
1311393600 0 0 0 0
1311386400 0 0 0 0
1311379200 0 0 0 0
1311372000 0 0 0 0
1311364800 0 0 0 0
1311357600 0 0 0 0
1311350400 0 0 0 0
1311343200 0 0 0 0
1311336000 0 0 0 0
1311328800 0 0 0 0
1311321600 0 0 0 0
1311314400 0 0 0 0
1311307200 0 0 0 0
1311300000 0 0 0 0
1311292800 0 0 0 0
1311285600 0 0 0 0
1311278400 0 0 0 0
1311271200 0 0 0 0
1311264000 0 0 0 0
1311256800 0 0 0 0
1311249600 0 0 0 0
1311242400 0 0 0 0
1311235200 0 0 0 0
1311228000 0 0 0 0
1311220800 0 0 0 0
1311213600 0 0 0 0
1311206400 0 0 0 0
1311199200 0 0 0 0
1311192000 0 0 0 0
1311184800 0 0 0 0
1311177600 0 0 0 0
1311170400 0 0 0 0
1311163200 0 0 0 0
1311156000 0 0 0 0
1311148800 0 0 0 0
1311141600 0 0 0 0
1311134400 0 0 0 0
1311127200 0 0 0 0
1311120000 0 0 0 0
1311112800 0 0 0 0
1311105600 0 0 0 0
1311098400 0 0 0 0
1311091200 0 0 0 0
1311084000 0 0 0 0
1311076800 0 0 0 0
1311069600 0 0 0 0
1311062400 0 0 0 0
1311055200 0 0 0 0
1311048000 0 0 0 0
1311040800 0 0 0 0
1311033600 0 0 0 0
1311026400 0 0 0 0
1311019200 0 0 0 0
1311012000 0 0 0 0
1311004800 0 0 0 0
1310997600 0 0 0 0
1310990400 0 0 0 0
1310983200 0 0 0 0
1310976000 0 0 0 0
1310968800 0 0 0 0
1310961600 0 0 0 0
1310954400 0 0 0 0
1310947200 0 0 0 0
1310940000 0 0 0 0
1310932800 0 0 0 0
1310925600 0 0 0 0
1310918400 0 0 0 0
1310911200 0 0 0 0
1310904000 0 0 0 0
1310896800 0 0 0 0
1310889600 0 0 0 0
1310882400 0 0 0 0
1310875200 0 0 0 0
1310868000 0 0 0 0
1310860800 0 0 0 0
1310853600 0 0 0 0
1310846400 0 0 0 0
1310839200 0 0 0 0
1310832000 0 0 0 0
1310824800 0 0 0 0
1310817600 0 0 0 0
1310810400 0 0 0 0
1310803200 0 0 0 0
1310796000 0 0 0 0
1310788800 0 0 0 0
1310781600 0 0 0 0
1310774400 0 0 0 0
1310767200 0 0 0 0
1310760000 0 0 0 0
1310752800 0 0 0 0
1310745600 0 0 0 0
1310738400 0 0 0 0
1310731200 0 0 0 0
1310724000 0 0 0 0
1310716800 0 0 0 0
1310709600 0 0 0 0
1310702400 0 0 0 0
1310695200 0 0 0 0
1310688000 0 0 0 0
1310680800 0 0 0 0
1310673600 0 0 0 0
1310666400 0 0 0 0
1310659200 0 0 0 0
1310652000 0 0 0 0
1310644800 0 0 0 0
1310637600 0 0 0 0
1310630400 0 0 0 0
1310623200 0 0 0 0
1310616000 0 0 0 0
1310608800 0 0 0 0
1310601600 0 0 0 0
1310594400 0 0 0 0
1310587200 0 0 0 0
1310580000 0 0 0 0
1310572800 0 0 0 0
1310565600 0 0 0 0
1310558400 0 0 0 0
1310551200 0 0 0 0
1310544000 0 0 0 0
1310536800 0 0 0 0
1310529600 0 0 0 0
1310522400 0 0 0 0
1310515200 0 0 0 0
1310508000 0 0 0 0
1310500800 0 0 0 0
1310493600 0 0 0 0
1310486400 0 0 0 0
1310479200 0 0 0 0
1310472000 0 0 0 0
1310464800 0 0 0 0
1310457600 0 0 0 0
1310450400 0 0 0 0
1310443200 0 0 0 0
1310436000 0 0 0 0
1310428800 0 0 0 0
1310421600 0 0 0 0
1310414400 0 0 0 0
1310407200 0 0 0 0
1310400000 0 0 0 0
1310392800 0 0 0 0
1310385600 0 0 0 0
1310378400 0 0 0 0
1310371200 0 0 0 0
1310364000 0 0 0 0
1310356800 0 0 0 0
1310349600 0 0 0 0
1310342400 0 0 0 0
1310335200 0 0 0 0
1310328000 0 0 0 0
1310320800 0 0 0 0
1310313600 0 0 0 0
1310306400 0 0 0 0
1310299200 0 0 0 0
1310292000 0 0 0 0
1310284800 0 0 0 0
1310277600 0 0 0 0
1310270400 0 0 0 0
1310263200 0 0 0 0
1310256000 0 0 0 0
1310248800 0 0 0 0
1310241600 0 0 0 0
1310234400 0 0 0 0
1310227200 0 0 0 0
1310220000 0 0 0 0
1310212800 0 0 0 0
1310205600 0 0 0 0
1310198400 0 0 0 0
1310191200 0 0 0 0
1310184000 0 0 0 0
1310176800 0 0 0 0
1310169600 0 0 0 0
1310162400 0 0 0 0
1310155200 0 0 0 0
1310148000 0 0 0 0
1310140800 0 0 0 0
1310133600 0 0 0 0
1310126400 0 0 0 0
1310119200 0 0 0 0
1310112000 0 0 0 0
1310104800 0 0 0 0
1310097600 0 0 0 0
1310090400 0 0 0 0
1310083200 0 0 0 0
1310076000 0 0 0 0
1310068800 0 0 0 0
1310061600 0 0 0 0
1310054400 0 0 0 0
1310047200 0 0 0 0
1310040000 0 0 0 0
1310032800 0 0 0 0
1310025600 0 0 0 0
1310018400 0 0 0 0
1310011200 0 0 0 0
1310004000 0 0 0 0
1309996800 0 0 0 0
1309989600 0 0 0 0
1309982400 0 0 0 0
1309975200 0 0 0 0
1309968000 0 0 0 0
1309960800 0 0 0 0
1309953600 0 0 0 0
1309946400 0 0 0 0
1309939200 0 0 0 0
1309932000 0 0 0 0
1309924800 0 0 0 0
1309917600 0 0 0 0
1309910400 0 0 0 0
1309903200 0 0 0 0
1309896000 0 0 0 0
1309888800 0 0 0 0
1309881600 0 0 0 0
1309874400 0 0 0 0
1309867200 0 0 0 0
1309860000 0 0 0 0
1309852800 0 0 0 0
1309845600 0 0 0 0
1309838400 0 0 0 0
1309831200 0 0 0 0
1309824000 0 0 0 0
1309816800 0 0 0 0
1309809600 0 0 0 0
1309802400 0 0 0 0
1309795200 0 0 0 0
1309788000 0 0 0 0
1309780800 0 0 0 0
1309773600 0 0 0 0
1309766400 0 0 0 0
1309759200 0 0 0 0
1309752000 0 0 0 0
1309744800 0 0 0 0
1309737600 0 0 0 0
1309730400 0 0 0 0
1309723200 0 0 0 0
1309716000 0 0 0 0
1309708800 0 0 0 0
1309701600 0 0 0 0
1309694400 0 0 0 0
1309687200 0 0 0 0
1309680000 0 0 0 0
1309672800 0 0 0 0
1309665600 0 0 0 0
1309658400 0 0 0 0
1309651200 0 0 0 0
1309644000 0 0 0 0
1309636800 0 0 0 0
1309629600 0 0 0 0
1309622400 0 0 0 0
1309615200 0 0 0 0
1309608000 0 0 0 0
1309600800 0 0 0 0
1309593600 0 0 0 0
1309586400 0 0 0 0
1309579200 0 0 0 0
1309572000 0 0 0 0
1309564800 0 0 0 0
1309557600 0 0 0 0
1309550400 0 0 0 0
1309543200 0 0 0 0
1309536000 0 0 0 0
1309528800 0 0 0 0
1309521600 0 0 0 0
1309514400 0 0 0 0
1309507200 0 0 0 0
1309500000 0 0 0 0
1309492800 0 0 0 0
1309485600 0 0 0 0
1309478400 0 0 0 0
1309471200 0 0 0 0
1309464000 0 0 0 0
1309456800 0 0 0 0
1309449600 0 0 0 0
1309442400 0 0 0 0
1309435200 0 0 0 0
1309428000 0 0 0 0
1309420800 0 0 0 0
1309413600 0 0 0 0
1309406400 0 0 0 0
1309399200 0 0 0 0
1309392000 0 0 0 0
1309384800 0 0 0 0
1309377600 0 0 0 0
1309370400 0 0 0 0
1309363200 0 0 0 0
1309356000 0 0 0 0
1309348800 0 0 0 0
1309341600 0 0 0 0
1309334400 0 0 0 0
1309327200 0 0 0 0
1309320000 0 0 0 0
1309312800 0 0 0 0
1309305600 0 0 0 0
1309298400 0 0 0 0
1309291200 0 0 0 0
1309284000 0 0 0 0
1309276800 0 0 0 0
1309269600 0 0 0 0
1309262400 0 0 0 0
1309255200 0 0 0 0
1309248000 0 0 0 0
1309240800 0 0 0 0
1309233600 0 0 0 0
1309226400 0 0 0 0
1309219200 0 0 0 0
1309212000 0 0 0 0
1309204800 0 0 0 0
1309197600 0 0 0 0
1309190400 0 0 0 0
1309183200 0 0 0 0
1309176000 0 0 0 0
1309168800 0 0 0 0
1309161600 0 0 0 0
1309154400 0 0 0 0
1309147200 0 0 0 0
1309140000 0 0 0 0
1309132800 0 0 0 0
1309125600 0 0 0 0
1309118400 0 0 0 0
1309111200 0 0 0 0
1309104000 0 0 0 0
1309096800 0 0 0 0
1309089600 0 0 0 0
1309082400 0 0 0 0
1309075200 0 0 0 0
1309068000 0 0 0 0
1309060800 0 0 0 0
1309053600 0 0 0 0
1309046400 0 0 0 0
1309039200 0 0 0 0
1309032000 0 0 0 0
1309024800 0 0 0 0
1309017600 0 0 0 0
1309010400 0 0 0 0
1309003200 0 0 0 0
1308996000 0 0 0 0
1308988800 0 0 0 0
1308981600 0 0 0 0
1308974400 0 0 0 0
1308967200 0 0 0 0
1308960000 0 0 0 0
1308952800 0 0 0 0
1308945600 0 0 0 0
1308938400 0 0 0 0
1308931200 0 0 0 0
1308924000 0 0 0 0
1308916800 0 0 0 0
1308909600 0 0 0 0
1308902400 0 0 0 0
1308895200 0 0 0 0
1308888000 0 0 0 0
1308880800 0 0 0 0
1308873600 0 0 0 0
1308866400 0 0 0 0
1308859200 0 0 0 0
1308852000 0 0 0 0
1308844800 0 0 0 0
1308837600 0 0 0 0
1308830400 0 0 0 0
1308823200 0 0 0 0
1308816000 0 0 0 0
1308808800 0 0 0 0
1308801600 0 0 0 0
1308794400 0 0 0 0
1308787200 0 0 0 0
1308780000 0 0 0 0
1308772800 0 0 0 0
1308765600 0 0 0 0
1308758400 0 0 0 0
1308751200 0 0 0 0
1308744000 0 0 0 0
1308736800 0 0 0 0
1308729600 0 0 0 0
1308722400 0 0 0 0
1308715200 0 0 0 0
1308708000 0 0 0 0
1308700800 0 0 0 0
1308693600 0 0 0 0
1308686400 0 0 0 0
1308679200 0 0 0 0
1308672000 0 0 0 0
1308664800 0 0 0 0
1308657600 0 0 0 0
1308650400 0 0 0 0
1308643200 0 0 0 0
1308636000 0 0 0 0
1308628800 0 0 0 0
1308621600 0 0 0 0
1308614400 0 0 0 0
1308607200 0 0 0 0
1308600000 0 0 0 0
1308592800 0 0 0 0
1308585600 0 0 0 0
1308578400 0 0 0 0
1308571200 0 0 0 0
1308564000 0 0 0 0
1308556800 0 0 0 0
1308549600 0 0 0 0
1308542400 0 0 0 0
1308535200 0 0 0 0
1308528000 0 0 0 0
1308520800 0 0 0 0
1308513600 0 0 0 0
1308506400 0 0 0 0
1308499200 0 0 0 0
1308492000 0 0 0 0
1308484800 0 0 0 0
1308477600 0 0 0 0
1308470400 0 0 0 0
1308463200 0 0 0 0
1308456000 0 0 0 0
1308448800 0 0 0 0
1308441600 0 0 0 0
1308434400 0 0 0 0
1308427200 0 0 0 0
1308420000 0 0 0 0
1308412800 0 0 0 0
1308405600 0 0 0 0
1308398400 0 0 0 0
1308391200 0 0 0 0
1308384000 0 0 0 0
1308376800 0 0 0 0
1308369600 0 0 0 0
1308362400 0 0 0 0
1308355200 0 0 0 0
1308268800 0 0 0 0
1308182400 0 0 0 0
1308096000 0 0 0 0
1308009600 0 0 0 0
1307923200 0 0 0 0
1307836800 0 0 0 0
1307750400 0 0 0 0
1307664000 0 0 0 0
1307577600 0 0 0 0
1307491200 0 0 0 0
1307404800 0 0 0 0
1307318400 0 0 0 0
1307232000 0 0 0 0
1307145600 0 0 0 0
1307059200 0 0 0 0
1306972800 0 0 0 0
1306886400 0 0 0 0
1306800000 0 0 0 0
1306713600 0 0 0 0
1306627200 0 0 0 0
1306540800 0 0 0 0
1306454400 0 0 0 0
1306368000 0 0 0 0
1306281600 0 0 0 0
1306195200 0 0 0 0
1306108800 0 0 0 0
1306022400 0 0 0 0
1305936000 0 0 0 0
1305849600 0 0 0 0
1305763200 0 0 0 0
1305676800 0 0 0 0
1305590400 0 0 0 0
1305504000 0 0 0 0
1305417600 0 0 0 0
1305331200 0 0 0 0
1305244800 0 0 0 0
1305158400 0 0 0 0
1305072000 0 0 0 0
1304985600 0 0 0 0
1304899200 0 0 0 0
1304812800 0 0 0 0
1304726400 0 0 0 0
1304640000 0 0 0 0
1304553600 0 0 0 0
1304467200 0 0 0 0
1304380800 0 0 0 0
1304294400 0 0 0 0
1304208000 0 0 0 0
1304121600 0 0 0 0
1304035200 0 0 0 0
1303948800 0 0 0 0
1303862400 0 0 0 0
1303776000 0 0 0 0
1303689600 0 0 0 0
1303603200 0 0 0 0
1303516800 0 0 0 0
1303430400 0 0 0 0
1303344000 0 0 0 0
1303257600 0 0 0 0
1303171200 0 0 0 0
1303084800 0 0 0 0
1302998400 0 0 0 0
1302912000 0 0 0 0
1302825600 0 0 0 0
1302739200 0 0 0 0
1302652800 0 0 0 0
1302566400 0 0 0 0
1302480000 0 0 0 0
1302393600 0 0 0 0
1302307200 0 0 0 0
1302220800 0 0 0 0
1302134400 0 0 0 0
1302048000 0 0 0 0
1301961600 0 0 0 0
1301875200 0 0 0 0
1301788800 0 0 0 0
1301702400 0 0 0 0
1301616000 0 0 0 0
1301529600 0 0 0 0
1301443200 0 0 0 0
1301356800 0 0 0 0
1301270400 0 0 0 0
1301184000 0 0 0 0
1301097600 0 0 0 0
1301011200 0 0 0 0
1300924800 0 0 0 0
1300838400 0 0 0 0
1300752000 0 0 0 0
1300665600 0 0 0 0
1300579200 0 0 0 0
1300492800 0 0 0 0
1300406400 0 0 0 0
1300320000 0 0 0 0
1300233600 0 0 0 0
1300147200 0 0 0 0
1300060800 0 0 0 0
1299974400 0 0 0 0
1299888000 0 0 0 0
1299801600 0 0 0 0
1299715200 0 0 0 0
1299628800 0 0 0 0
1299542400 0 0 0 0
1299456000 0 0 0 0
1299369600 0 0 0 0
1299283200 0 0 0 0
1299196800 0 0 0 0
1299110400 0 0 0 0
1299024000 0 0 0 0
1298937600 0 0 0 0
1298851200 0 0 0 0
1298764800 0 0 0 0
1298678400 0 0 0 0
1298592000 0 0 0 0
1298505600 0 0 0 0
1298419200 0 0 0 0
1298332800 0 0 0 0
1298246400 0 0 0 0
1298160000 0 0 0 0
1298073600 0 0 0 0
1297987200 0 0 0 0
1297900800 0 0 0 0
1297814400 0 0 0 0
1297728000 0 0 0 0
1297641600 0 0 0 0
1297555200 0 0 0 0
1297468800 0 0 0 0
1297382400 0 0 0 0
1297296000 0 0 0 0
1297209600 0 0 0 0
1297123200 0 0 0 0
1297036800 0 0 0 0
1296950400 0 0 0 0
1296864000 0 0 0 0
1296777600 0 0 0 0
1296691200 0 0 0 0
1296604800 0 0 0 0
1296518400 0 0 0 0
1296432000 0 0 0 0
1296345600 0 0 0 0
1296259200 0 0 0 0
1296172800 0 0 0 0
1296086400 0 0 0 0
1296000000 0 0 0 0
1295913600 0 0 0 0
1295827200 0 0 0 0
1295740800 0 0 0 0
1295654400 0 0 0 0
1295568000 0 0 0 0
1295481600 0 0 0 0
1295395200 0 0 0 0
1295308800 0 0 0 0
1295222400 0 0 0 0
1295136000 0 0 0 0
1295049600 0 0 0 0
1294963200 0 0 0 0
1294876800 0 0 0 0
1294790400 0 0 0 0
1294704000 0 0 0 0
1294617600 0 0 0 0
1294531200 0 0 0 0
1294444800 0 0 0 0
1294358400 0 0 0 0
1294272000 0 0 0 0
1294185600 0 0 0 0
1294099200 0 0 0 0
1294012800 0 0 0 0
1293926400 0 0 0 0
1293840000 0 0 0 0
1293753600 0 0 0 0
1293667200 0 0 0 0
1293580800 0 0 0 0
1293494400 0 0 0 0
1293408000 0 0 0 0
1293321600 0 0 0 0
1293235200 0 0 0 0
1293148800 0 0 0 0
1293062400 0 0 0 0
1292976000 0 0 0 0
1292889600 0 0 0 0
1292803200 0 0 0 0
1292716800 0 0 0 0
1292630400 0 0 0 0
1292544000 0 0 0 0
1292457600 0 0 0 0
1292371200 0 0 0 0
1292284800 0 0 0 0
1292198400 0 0 0 0
1292112000 0 0 0 0
1292025600 0 0 0 0
1291939200 0 0 0 0
1291852800 0 0 0 0
1291766400 0 0 0 0
1291680000 0 0 0 0
1291593600 0 0 0 0
1291507200 0 0 0 0
1291420800 0 0 0 0
1291334400 0 0 0 0
1291248000 0 0 0 0
1291161600 0 0 0 0
1291075200 0 0 0 0
1290988800 0 0 0 0
1290902400 0 0 0 0
1290816000 0 0 0 0
1290729600 0 0 0 0
1290643200 0 0 0 0
1290556800 0 0 0 0
1290470400 0 0 0 0
1290384000 0 0 0 0
1290297600 0 0 0 0
1290211200 0 0 0 0
1290124800 0 0 0 0
1290038400 0 0 0 0
1289952000 0 0 0 0
1289865600 0 0 0 0
1289779200 0 0 0 0
1289692800 0 0 0 0
1289606400 0 0 0 0
1289520000 0 0 0 0
1289433600 0 0 0 0
1289347200 0 0 0 0
1289260800 0 0 0 0
1289174400 0 0 0 0
1289088000 0 0 0 0
1289001600 0 0 0 0
1288915200 0 0 0 0
1288828800 0 0 0 0
1288742400 0 0 0 0
1288656000 0 0 0 0
1288569600 0 0 0 0
1288483200 0 0 0 0
1288396800 0 0 0 0
1288310400 0 0 0 0
1288224000 0 0 0 0
1288137600 0 0 0 0
1288051200 0 0 0 0
1287964800 0 0 0 0
1287878400 0 0 0 0
1287792000 0 0 0 0
1287705600 0 0 0 0
1287619200 0 0 0 0
1287532800 0 0 0 0
1287446400 0 0 0 0
1287360000 0 0 0 0
1287273600 0 0 0 0
1287187200 0 0 0 0
1287100800 0 0 0 0
1287014400 0 0 0 0
1286928000 0 0 0 0
1286841600 0 0 0 0
1286755200 0 0 0 0
1286668800 0 0 0 0
1286582400 0 0 0 0
1286496000 0 0 0 0
1286409600 0 0 0 0
1286323200 0 0 0 0
1286236800 0 0 0 0
1286150400 0 0 0 0
1286064000 0 0 0 0
1285977600 0 0 0 0
1285891200 0 0 0 0
1285804800 0 0 0 0
1285718400 0 0 0 0
1285632000 0 0 0 0
1285545600 0 0 0 0
1285459200 0 0 0 0
1285372800 0 0 0 0
1285286400 0 0 0 0
1285200000 0 0 0 0
1285113600 0 0 0 0
1285027200 0 0 0 0
1284940800 0 0 0 0
1284854400 0 0 0 0
1284768000 0 0 0 0
1284681600 0 0 0 0
1284595200 0 0 0 0
1284508800 0 0 0 0
1284422400 0 0 0 0
1284336000 0 0 0 0
1284249600 0 0 0 0
1284163200 0 0 0 0
1284076800 0 0 0 0
1283990400 0 0 0 0
1283904000 0 0 0 0
1283817600 0 0 0 0
1283731200 0 0 0 0
1283644800 0 0 0 0
1283558400 0 0 0 0
1283472000 0 0 0 0
1283385600 0 0 0 0
1283299200 0 0 0 0
1283212800 0 0 0 0
1283126400 0 0 0 0
1283040000 0 0 0 0
1282953600 0 0 0 0
1282867200 0 0 0 0
1282780800 0 0 0 0
1282694400 0 0 0 0
1282608000 0 0 0 0
1282521600 0 0 0 0
1282435200 0 0 0 0
1282348800 0 0 0 0
1282262400 0 0 0 0
1282176000 0 0 0 0
1282089600 0 0 0 0
1282003200 0 0 0 0
1281916800 0 0 0 0
1281830400 0 0 0 0
1281744000 0 0 0 0
1281657600 0 0 0 0
1281571200 0 0 0 0
1281484800 0 0 0 0
1281398400 0 0 0 0
1281312000 0 0 0 0
1281225600 0 0 0 0
1281139200 0 0 0 0
1281052800 0 0 0 0
1280966400 0 0 0 0
1280880000 0 0 0 0
1280793600 0 0 0 0
1280707200 0 0 0 0
1280620800 0 0 0 0
1280534400 0 0 0 0
1280448000 0 0 0 0
1280361600 0 0 0 0
1280275200 0 0 0 0
1280188800 0 0 0 0
1280102400 0 0 0 0
1280016000 0 0 0 0
1279929600 0 0 0 0
1279843200 0 0 0 0
1279756800 0 0 0 0
1279670400 0 0 0 0
1279584000 0 0 0 0
1279497600 0 0 0 0
1279411200 0 0 0 0
1279324800 0 0 0 0
1279238400 0 0 0 0
1279152000 0 0 0 0
1279065600 0 0 0 0
1278979200 0 0 0 0
1278892800 0 0 0 0
1278806400 0 0 0 0
1278720000 0 0 0 0
1278633600 0 0 0 0
1278547200 0 0 0 0
1278460800 0 0 0 0
1278374400 0 0 0 0
1278288000 0 0 0 0
1278201600 0 0 0 0
1278115200 0 0 0 0
1278028800 0 0 0 0
1277942400 0 0 0 0
1277856000 0 0 0 0
1277769600 0 0 0 0
1277683200 0 0 0 0
1277596800 0 0 0 0
1277510400 0 0 0 0
1277424000 0 0 0 0
1277337600 0 0 0 0
1277251200 0 0 0 0
1277164800 0 0 0 0
1277078400 0 0 0 0
1276992000 0 0 0 0
1276905600 0 0 0 0
1276819200 0 0 0 0
1276732800 0 0 0 0
1276646400 0 0 0 0
1276560000 0 0 0 0
1276473600 0 0 0 0
1276387200 0 0 0 0
1276300800 0 0 0 0
1276214400 0 0 0 0
1276128000 0 0 0 0
1276041600 0 0 0 0
1275955200 0 0 0 0
1275868800 0 0 0 0
1275782400 0 0 0 0
1275696000 0 0 0 0
1275609600 0 0 0 0
1275523200 0 0 0 0
1275436800 0 0 0 0
1275350400 0 0 0 0
1275264000 0 0 0 0
1275177600 0 0 0 0
1275091200 0 0 0 0
1275004800 0 0 0 0
1274918400 0 0 0 0
1274832000 0 0 0 0
1274745600 0 0 0 0
1274659200 0 0 0 0
1274572800 0 0 0 0
1274486400 0 0 0 0
1274400000 0 0 0 0
1274313600 0 0 0 0
1274227200 0 0 0 0
1274140800 0 0 0 0
1274054400 0 0 0 0
1273968000 0 0 0 0
1273881600 0 0 0 0
1273795200 0 0 0 0
1273708800 0 0 0 0
1273622400 0 0 0 0
1273536000 0 0 0 0
1273449600 0 0 0 0
1273363200 0 0 0 0
1273276800 0 0 0 0
1273190400 0 0 0 0
1273104000 0 0 0 0
1273017600 0 0 0 0
1272931200 0 0 0 0
1272844800 0 0 0 0
1272758400 0 0 0 0
1272672000 0 0 0 0
1272585600 0 0 0 0
1272499200 0 0 0 0
1272412800 0 0 0 0
1272326400 0 0 0 0
1272240000 0 0 0 0
1272153600 0 0 0 0
1272067200 0 0 0 0
1271980800 0 0 0 0
1271894400 0 0 0 0
1271808000 0 0 0 0
1271721600 0 0 0 0
1271635200 0 0 0 0
1271548800 0 0 0 0
1271462400 0 0 0 0
1271376000 0 0 0 0
1271289600 0 0 0 0
1271203200 0 0 0 0
1271116800 0 0 0 0
1271030400 0 0 0 0
1270944000 0 0 0 0
1270857600 0 0 0 0
1270771200 0 0 0 0
1270684800 0 0 0 0
1270598400 0 0 0 0
1270512000 0 0 0 0
1270425600 0 0 0 0
1270339200 0 0 0 0
1270252800 0 0 0 0
1270166400 0 0 0 0
1270080000 0 0 0 0
1269993600 0 0 0 0
1269907200 0 0 0 0
1269820800 0 0 0 0
1269734400 0 0 0 0
1269648000 0 0 0 0
1269561600 0 0 0 0
1269475200 0 0 0 0
1269388800 0 0 0 0
1269302400 0 0 0 0
1269216000 0 0 0 0
1269129600 0 0 0 0
1269043200 0 0 0 0
1268956800 0 0 0 0
1268870400 0 0 0 0
1268784000 0 0 0 0
1268697600 0 0 0 0
1268611200 0 0 0 0
1268524800 0 0 0 0
1268438400 0 0 0 0
1268352000 0 0 0 0
1268265600 0 0 0 0
1268179200 0 0 0 0
1268092800 0 0 0 0
1268006400 0 0 0 0
1267920000 0 0 0 0
1267833600 0 0 0 0
1267747200 0 0 0 0
1267660800 0 0 0 0
1267574400 0 0 0 0
1267488000 0 0 0 0
1267401600 0 0 0 0
1267315200 0 0 0 0
1267228800 0 0 0 0
1267142400 0 0 0 0
1267056000 0 0 0 0
1266969600 0 0 0 0
1266883200 0 0 0 0
1266796800 0 0 0 0
1266710400 0 0 0 0
1266624000 0 0 0 0
1266537600 0 0 0 0
1266451200 0 0 0 0
1266364800 0 0 0 0
1266278400 0 0 0 0
1266192000 0 0 0 0
1266105600 0 0 0 0
1266019200 0 0 0 0
1265932800 0 0 0 0
1265846400 0 0 0 0
1265760000 0 0 0 0
1265673600 0 0 0 0
1265587200 0 0 0 0
1265500800 0 0 0 0
1265414400 0 0 0 0
1265328000 0 0 0 0
1265241600 0 0 0 0
1265155200 0 0 0 0
1265068800 0 0 0 0
1264982400 0 0 0 0
1264896000 0 0 0 0
1264809600 0 0 0 0
1264723200 0 0 0 0
1264636800 0 0 0 0
1264550400 0 0 0 0
1264464000 0 0 0 0
1264377600 0 0 0 0
1264291200 0 0 0 0
1264204800 0 0 0 0
1264118400 0 0 0 0
1264032000 0 0 0 0
1263945600 0 0 0 0
1263859200 0 0 0 0
1263772800 0 0 0 0
1263686400 0 0 0 0
1263600000 0 0 0 0
1263513600 0 0 0 0
1263427200 0 0 0 0
1263340800 0 0 0 0
1263254400 0 0 0 0
1263168000 0 0 0 0
1263081600 0 0 0 0
1262995200 0 0 0 0
1262908800 0 0 0 0
1262822400 0 0 0 0
1262736000 0 0 0 0
1262649600 0 0 0 0
1262563200 0 0 0 0
1262476800 0 0 0 0
1262390400 0 0 0 0
1262304000 0 0 0 0
1262217600 0 0 0 0
1262131200 0 0 0 0
1262044800 0 0 0 0
1261958400 0 0 0 0
1261872000 0 0 0 0
1261785600 0 0 0 0
1261699200 0 0 0 0
1261612800 0 0 0 0
1261526400 0 0 0 0
1261440000 0 0 0 0
1261353600 0 0 0 0
1261267200 0 0 0 0
1261180800 0 0 0 0
1261094400 0 0 0 0
1261008000 0 0 0 0
1260921600 0 0 0 0
1260835200 0 0 0 0
1260748800 0 0 0 0
1260662400 0 0 0 0
1260576000 0 0 0 0
1260489600 0 0 0 0
1260403200 0 0 0 0
1260316800 0 0 0 0
1260230400 0 0 0 0
1260144000 0 0 0 0
1260057600 0 0 0 0
1259971200 0 0 0 0
1259884800 0 0 0 0
1259798400 0 0 0 0
1259712000 0 0 0 0
1259625600 0 0 0 0
1259539200 0 0 0 0
1259452800 0 0 0 0
1259366400 0 0 0 0
1259280000 0 0 0 0
1259193600 0 0 0 0
1259107200 0 0 0 0
1259020800 0 0 0 0
1258934400 0 0 0 0
1258848000 0 0 0 0
1258761600 0 0 0 0
1258675200 0 0 0 0
1258588800 0 0 0 0
1258502400 0 0 0 0
1258416000 0 0 0 0
1258329600 0 0 0 0
1258243200 0 0 0 0
1258156800 0 0 0 0
1258070400 0 0 0 0
1257984000 0 0 0 0
1257897600 0 0 0 0
1257811200 0 0 0 0
1257724800 0 0 0 0
1257638400 0 0 0 0
1257552000 0 0 0 0
1257465600 0 0 0 0
1257379200 0 0 0 0
1257292800 0 0 0 0
1257206400 0 0 0 0
1257120000 0 0 0 0
1257033600 0 0 0 0
1256947200 0 0 0 0
1256860800 0 0 0 0
1256774400 0 0 0 0
1256688000 0 0 0 0
1256601600 0 0 0 0
1256515200 0 0 0 0
1256428800 0 0 0 0
1256342400 0 0 0 0
1256256000 0 0 0 0
1256169600 0 0 0 0
1256083200 0 0 0 0
1255996800 0 0 0 0
1255910400 0 0 0 0
1255824000 0 0 0 0
1255737600 0 0 0 0
1255651200 0 0 0 0
1255564800 0 0 0 0
1255478400 0 0 0 0
1255392000 0 0 0 0
1255305600 0 0 0 0
1255219200 0 0 0 0
1255132800 0 0 0 0
1255046400 0 0 0 0
1254960000 0 0 0 0
1254873600 0 0 0 0
1254787200 0 0 0 0
1254700800 0 0 0 0
1254614400 0 0 0 0
1254528000 0 0 0 0
1254441600 0 0 0 0
1254355200 0 0 0 0
1254268800 0 0 0 0
1254182400 0 0 0 0
1254096000 0 0 0 0
1254009600 0 0 0 0
1253923200 0 0 0 0
1253836800 0 0 0 0
1253750400 0 0 0 0
1253664000 0 0 0 0
1253577600 0 0 0 0
1253491200 0 0 0 0
1253404800 0 0 0 0
1253318400 0 0 0 0
1253232000 0 0 0 0
1253145600 0 0 0 0
1253059200 0 0 0 0
1252972800 0 0 0 0
1252886400 0 0 0 0
1252800000 0 0 0 0
1252713600 0 0 0 0
1252627200 0 0 0 0
1252540800 0 0 0 0
1252454400 0 0 0 0
1252368000 0 0 0 0
1252281600 0 0 0 0
1252195200 0 0 0 0
1252108800 0 0 0 0
1252022400 0 0 0 0
1251936000 0 0 0 0
1251849600 0 0 0 0
1251763200 0 0 0 0
1251676800 0 0 0 0
1251590400 0 0 0 0
1251504000 0 0 0 0
1251417600 0 0 0 0
1251331200 0 0 0 0
1251244800 0 0 0 0
1251158400 0 0 0 0
1251072000 0 0 0 0
1250985600 0 0 0 0
1250899200 0 0 0 0
1250812800 0 0 0 0
1250726400 0 0 0 0
1250640000 0 0 0 0
1250553600 0 0 0 0
1250467200 0 0 0 0
1250380800 0 0 0 0
1250294400 0 0 0 0
1250208000 0 0 0 0
1250121600 0 0 0 0
1250035200 0 0 0 0
1249948800 0 0 0 0
1249862400 0 0 0 0
1249776000 0 0 0 0
1249689600 0 0 0 0
1249603200 0 0 0 0
1249516800 0 0 0 0
1249430400 0 0 0 0
1249344000 0 0 0 0
1249257600 0 0 0 0
1249171200 0 0 0 0
1249084800 0 0 0 0
1248998400 0 0 0 0
1248912000 0 0 0 0
1248825600 0 0 0 0
1248739200 0 0 0 0
1248652800 0 0 0 0
1248566400 0 0 0 0
1248480000 0 0 0 0
1248393600 0 0 0 0
1248307200 0 0 0 0
1248220800 0 0 0 0
1248134400 0 0 0 0
1248048000 0 0 0 0
1247961600 0 0 0 0
1247875200 0 0 0 0
1247788800 0 0 0 0
1247702400 0 0 0 0
1247616000 0 0 0 0
1247529600 0 0 0 0
1247443200 0 0 0 0
1247356800 0 0 0 0
1247270400 0 0 0 0
1247184000 0 0 0 0
1247097600 0 0 0 0
1247011200 0 0 0 0
1246924800 0 0 0 0
1246838400 0 0 0 0
1246752000 0 0 0 0
1246665600 0 0 0 0
1246579200 0 0 0 0
1246492800 0 0 0 0
1246406400 0 0 0 0
1246320000 0 0 0 0
1246233600 0 0 0 0
1246147200 0 0 0 0
1246060800 0 0 0 0
1245974400 0 0 0 0
1245888000 0 0 0 0
1245801600 0 0 0 0
1245715200 0 0 0 0
1245628800 0 0 0 0
1245542400 0 0 0 0
1245456000 0 0 0 0
1245369600 0 0 0 0
1245283200 0 0 0 0
1245196800 0 0 0 0
